2014-06-29 09:44:19.405 Hello World[14602:70b] Multi-tasking -> Device: YES, App: YES
2014-06-29 09:44:19.467 Hello World[14602:70b] Unlimited access to network resources
2014-06-29 09:44:19.565 Hello World[14602:70b] 

Started backup to iCloud! Please be careful.
Your application might rejected by Apple if you store too much data.
For more information please read "iOS Data Storage Guidelines"
You could find it at the following address https://developer.apple.com/icloud/documentation/data-storage/ .

2014-06-29 09:44:20.251 Hello World[14602:70b] Resetting plugins due to page load.
2014-06-29 09:44:20.676 Hello World[14602:70b] Finished load of: file:///Users/jaewookkim/Library/Application%20Support/iPhone%20Simulator/7.1/Applications/1CA41150-4ABA-44B6-90A7-E2CB622DFF23/Hello%20World.app/www/index.html
2014-06-29 09:45:18.628 Hello World[14788:70b] Multi-tasking -> Device: YES, App: YES
2014-06-29 09:45:18.638 Hello World[14788:70b] Unlimited access to network resources
2014-06-29 09:45:18.642 Hello World[14788:70b] 

Started backup to iCloud! Please be careful.
Your application might rejected by Apple if you store too much data.
For more information please read "iOS Data Storage Guidelines"
You could find it at the following address https://developer.apple.com/icloud/documentation/data-storage/ .

2014-06-29 09:45:18.724 Hello World[14788:70b] Resetting plugins due to page load.
2014-06-29 09:45:18.781 Hello World[14788:70b] Finished load of: file:///Users/jaewookkim/Library/Application%20Support/iPhone%20Simulator/7.1/Applications/1CA41150-4ABA-44B6-90A7-E2CB622DFF23/Hello%20World.app/www/index.html
Terminating in response to SpringBoard's termination.
2014-06-29 09:47:24.459 Hello World[15096:70b] Multi-tasking -> Device: YES, App: YES
2014-06-29 09:47:24.469 Hello World[15096:70b] Unlimited access to network resources
2014-06-29 09:47:24.472 Hello World[15096:70b] 

Started backup to iCloud! Please be careful.
Your application might rejected by Apple if you store too much data.
For more information please read "iOS Data Storage Guidelines"
You could find it at the following address https://developer.apple.com/icloud/documentation/data-storage/ .

2014-06-29 09:47:24.647 Hello World[15096:70b] Resetting plugins due to page load.
2014-06-29 09:47:24.768 Hello World[15096:70b] Finished load of: file:///Users/jaewookkim/Library/Application%20Support/iPhone%20Simulator/7.1/Applications/1CA41150-4ABA-44B6-90A7-E2CB622DFF23/Hello%20World.app/www/index.html
Terminating in response to SpringBoard's termination.
